<?xml version="1.0" encoding="UTF-8"?>
<testsuite xmlns:xsi="http://www.w3.org/2001/XMLSchema-instance" xsi:noNamespaceSchemaLocation="https://maven.apache.org/surefire/maven-surefire-plugin/xsd/surefire-test-report-3.0.xsd" version="3.0" name="cucumber.Options.TestRunner" time="7.873" tests="3" errors="0" skipped="0" failures="0">
  <properties>
[...]
</properties>
  <testcase name="Verify AddPlaceAPI functionality #1" classname="Validating place API&apos;s" time="4.68"/>
  <testcase name="Verify AddPlaceAPI functionality #2" classname="Validating place API&apos;s" time="1.642"/>
  <testcase name="Verify if Delete Place functionality is working" classname="Validating place API&apos;s" time="1.253"/>
</testsuite>